2025-04-16 23:38:01,617 - INFO - Current working directory: /Users/dougstrouth/Library/Mobile Documents/com~apple~CloudDocs/Documents/Code/APIs/edgar
2025-04-16 23:38:01,618 - INFO - Script directory: /Users/dougstrouth/Library/Mobile Documents/com~apple~CloudDocs/Documents/Code/APIs/edgar
2025-04-16 23:38:01,618 - INFO - Using DOWNLOAD_DIR: /Users/dougstrouth/Library/Mobile Documents/com~apple~CloudDocs/Documents/Code/datasets/edgar/edgar_bulk_downloads
2025-04-16 23:38:01,618 - INFO - Using DB_FILE: /Users/dougstrouth/Library/Mobile Documents/com~apple~CloudDocs/Documents/Code/datasets/edgar/edgar_file_index.duckdb
2025-04-16 23:38:01,618 - INFO - --- Starting EDGAR Archive Download and Cataloging ---
2025-04-16 23:38:01,618 - INFO - Starting file checks and downloads...
2025-04-16 23:38:01,618 - INFO - Local file exists: /Users/dougstrouth/Library/Mobile Documents/com~apple~CloudDocs/Documents/Code/datasets/edgar/edgar_bulk_downloads/submissions.zip
2025-04-16 23:38:01,618 - INFO - Local file last modified (UTC): 2025-04-17 04:29:59.893082+00:00, Size: 1446858337 bytes
2025-04-16 23:38:01,931 - INFO - Remote file last modified (UTC): 2025-04-17 04:28:39+00:00
2025-04-16 23:38:01,932 - INFO - Local file 'submissions.zip' is up-to-date or newer. Skipping download.
2025-04-16 23:38:02,436 - INFO - Local file exists: /Users/dougstrouth/Library/Mobile Documents/com~apple~CloudDocs/Documents/Code/datasets/edgar/edgar_bulk_downloads/companyfacts.zip
2025-04-16 23:38:02,436 - INFO - Local file last modified (UTC): 2025-04-17 04:30:36.444453+00:00, Size: 1282368284 bytes
2025-04-16 23:38:02,670 - INFO - Remote file last modified (UTC): 2025-04-17 04:21:38+00:00
2025-04-16 23:38:02,670 - INFO - Local file 'companyfacts.zip' is up-to-date or newer. Skipping download.
2025-04-16 23:38:03,176 - INFO - Local file exists: /Users/dougstrouth/Library/Mobile Documents/com~apple~CloudDocs/Documents/Code/datasets/edgar/edgar_bulk_downloads/company_tickers.json
2025-04-16 23:38:03,176 - INFO - Local file last modified (UTC): 2025-04-17 04:30:37.185125+00:00, Size: 739418 bytes
2025-04-16 23:38:03,325 - INFO - Remote file last modified (UTC): 2025-04-11 15:07:06+00:00
2025-04-16 23:38:03,325 - INFO - Local file 'company_tickers.json' is up-to-date or newer. Skipping download.
2025-04-16 23:38:03,831 - INFO - Finished download checks. 3 files cataloged for DB update.
2025-04-16 23:38:03,831 - INFO - Connecting to DuckDB database: /Users/dougstrouth/Library/Mobile Documents/com~apple~CloudDocs/Documents/Code/datasets/edgar/edgar_file_index.duckdb
2025-04-16 23:38:03,893 - INFO - Setting up database table 'downloaded_archives' in /Users/dougstrouth/Library/Mobile Documents/com~apple~CloudDocs/Documents/Code/datasets/edgar/edgar_file_index.duckdb
2025-04-16 23:38:03,899 - INFO - Table 'downloaded_archives' created or already exists.
2025-04-16 23:38:03,899 - INFO - Attempting to insert/update 3 records into 'downloaded_archives' table.
2025-04-16 23:38:04,601 - INFO - Successfully inserted/updated 3 archive records.
2025-04-16 23:38:04,608 - INFO - Database connection closed.
2025-04-16 23:38:04,608 - INFO - --- Script Finished in 2.99 seconds ---
2025-04-16 23:39:09,551 - INFO - Current working directory: /Users/dougstrouth/Library/Mobile Documents/com~apple~CloudDocs/Documents/Code/APIs/edgar
2025-04-16 23:39:09,552 - INFO - Script directory: /Users/dougstrouth/Library/Mobile Documents/com~apple~CloudDocs/Documents/Code/APIs/edgar
2025-04-16 23:39:09,552 - INFO - Using DOWNLOAD_DIR: /Users/dougstrouth/Library/Mobile Documents/com~apple~CloudDocs/Documents/Code/datasets/edgar/edgar_bulk_downloads
2025-04-16 23:39:09,552 - INFO - Using DB_FILE: /Users/dougstrouth/Library/Mobile Documents/com~apple~CloudDocs/Documents/Code/datasets/edgar/edgar_metadata.duckdb
2025-04-16 23:39:09,552 - INFO - --- Starting EDGAR Archive Download and Cataloging ---
2025-04-16 23:39:09,552 - INFO - Starting file checks and downloads...
2025-04-16 23:39:09,552 - INFO - Local file exists: /Users/dougstrouth/Library/Mobile Documents/com~apple~CloudDocs/Documents/Code/datasets/edgar/edgar_bulk_downloads/submissions.zip
2025-04-16 23:39:09,552 - INFO - Local file last modified (UTC): 2025-04-17 04:29:59.893082+00:00, Size: 1446858337 bytes
2025-04-16 23:39:09,783 - INFO - Remote file last modified (UTC): 2025-04-17 04:28:39+00:00
2025-04-16 23:39:09,783 - INFO - Local file 'submissions.zip' is up-to-date or newer. Skipping download.
2025-04-16 23:39:10,289 - INFO - Local file exists: /Users/dougstrouth/Library/Mobile Documents/com~apple~CloudDocs/Documents/Code/datasets/edgar/edgar_bulk_downloads/companyfacts.zip
2025-04-16 23:39:10,289 - INFO - Local file last modified (UTC): 2025-04-17 04:30:36.444453+00:00, Size: 1282368284 bytes
2025-04-16 23:39:10,568 - INFO - Remote file last modified (UTC): 2025-04-17 04:21:38+00:00
2025-04-16 23:39:10,568 - INFO - Local file 'companyfacts.zip' is up-to-date or newer. Skipping download.
2025-04-16 23:39:11,075 - INFO - Local file exists: /Users/dougstrouth/Library/Mobile Documents/com~apple~CloudDocs/Documents/Code/datasets/edgar/edgar_bulk_downloads/company_tickers.json
2025-04-16 23:39:11,075 - INFO - Local file last modified (UTC): 2025-04-17 04:30:37.185125+00:00, Size: 739418 bytes
2025-04-16 23:39:11,275 - INFO - Remote file last modified (UTC): 2025-04-07 18:24:33+00:00
2025-04-16 23:39:11,275 - INFO - Local file 'company_tickers.json' is up-to-date or newer. Skipping download.
2025-04-16 23:39:11,781 - INFO - Finished download checks. 3 files cataloged for DB update.
2025-04-16 23:39:11,781 - INFO - Connecting to DuckDB database: /Users/dougstrouth/Library/Mobile Documents/com~apple~CloudDocs/Documents/Code/datasets/edgar/edgar_metadata.duckdb
2025-04-16 23:39:11,851 - INFO - Setting up database table 'downloaded_archives' in /Users/dougstrouth/Library/Mobile Documents/com~apple~CloudDocs/Documents/Code/datasets/edgar/edgar_metadata.duckdb
2025-04-16 23:39:11,860 - INFO - Table 'downloaded_archives' created or already exists.
2025-04-16 23:39:11,860 - INFO - Attempting to insert/update 3 records into 'downloaded_archives' table.
2025-04-16 23:39:12,784 - INFO - Successfully inserted/updated 3 archive records.
2025-04-16 23:39:12,793 - INFO - Database connection closed.
2025-04-16 23:39:12,793 - INFO - --- Script Finished in 3.24 seconds ---
2025-04-16 23:39:51,856 - INFO - Current working directory: /Users/dougstrouth/Library/Mobile Documents/com~apple~CloudDocs/Documents/Code/APIs/edgar
2025-04-16 23:39:51,856 - INFO - Script directory: /Users/dougstrouth/Library/Mobile Documents/com~apple~CloudDocs/Documents/Code/APIs/edgar
2025-04-16 23:39:51,857 - INFO - Using DOWNLOAD_DIR: /Users/dougstrouth/Library/Mobile Documents/com~apple~CloudDocs/Documents/Code/datasets/edgar/edgar_bulk_downloads
2025-04-16 23:39:51,857 - INFO - Using DB_FILE: /Users/dougstrouth/Library/Mobile Documents/com~apple~CloudDocs/Documents/Code/datasets/edgar/edgar_metadata.duckdb
2025-04-16 23:39:51,857 - INFO - --- Starting EDGAR Archive Download and Cataloging ---
2025-04-16 23:39:51,858 - INFO - Starting file checks and downloads...
2025-04-16 23:39:51,858 - INFO - Local file exists: /Users/dougstrouth/Library/Mobile Documents/com~apple~CloudDocs/Documents/Code/datasets/edgar/edgar_bulk_downloads/submissions.zip
2025-04-16 23:39:51,858 - INFO - Local file last modified (UTC): 2025-04-17 04:29:59.893082+00:00, Size: 1446858337 bytes
2025-04-16 23:39:52,010 - INFO - Remote file last modified (UTC): 2025-04-17 04:28:39+00:00
2025-04-16 23:39:52,010 - INFO - Local file 'submissions.zip' is up-to-date or newer. Skipping download.
2025-04-16 23:39:52,516 - INFO - Local file exists: /Users/dougstrouth/Library/Mobile Documents/com~apple~CloudDocs/Documents/Code/datasets/edgar/edgar_bulk_downloads/companyfacts.zip
2025-04-16 23:39:52,517 - INFO - Local file last modified (UTC): 2025-04-17 04:30:36.444453+00:00, Size: 1282368284 bytes
2025-04-16 23:39:52,624 - INFO - Remote file last modified (UTC): 2025-04-17 04:21:38+00:00
2025-04-16 23:39:52,624 - INFO - Local file 'companyfacts.zip' is up-to-date or newer. Skipping download.
2025-04-16 23:39:53,130 - INFO - Local file exists: /Users/dougstrouth/Library/Mobile Documents/com~apple~CloudDocs/Documents/Code/datasets/edgar/edgar_bulk_downloads/company_tickers.json
2025-04-16 23:39:53,131 - INFO - Local file last modified (UTC): 2025-04-17 04:30:37.185125+00:00, Size: 739418 bytes
2025-04-16 23:39:53,297 - INFO - Remote file last modified (UTC): 2025-04-07 18:24:33+00:00
2025-04-16 23:39:53,297 - INFO - Local file 'company_tickers.json' is up-to-date or newer. Skipping download.
2025-04-16 23:39:53,802 - INFO - Finished download checks. 3 files cataloged for DB update.
2025-04-16 23:39:53,803 - INFO - Connecting to DuckDB database: /Users/dougstrouth/Library/Mobile Documents/com~apple~CloudDocs/Documents/Code/datasets/edgar/edgar_metadata.duckdb
2025-04-16 23:39:53,863 - INFO - Setting up database table 'downloaded_archives' in /Users/dougstrouth/Library/Mobile Documents/com~apple~CloudDocs/Documents/Code/datasets/edgar/edgar_metadata.duckdb
2025-04-16 23:39:53,868 - INFO - Table 'downloaded_archives' created or already exists.
2025-04-16 23:39:53,868 - INFO - Attempting to insert/update 3 records into 'downloaded_archives' table.
2025-04-16 23:39:54,757 - INFO - Successfully inserted/updated 3 archive records.
2025-04-16 23:39:54,765 - INFO - Database connection closed.
2025-04-16 23:39:54,766 - INFO - --- Script Finished in 2.91 seconds ---
2025-04-16 23:40:01,587 - INFO - Current working directory: /Users/dougstrouth/Library/Mobile Documents/com~apple~CloudDocs/Documents/Code/APIs/edgar
2025-04-16 23:40:01,587 - INFO - Script directory: /Users/dougstrouth/Library/Mobile Documents/com~apple~CloudDocs/Documents/Code/APIs/edgar
2025-04-16 23:40:01,587 - INFO - Using DOWNLOAD_DIR: /Users/dougstrouth/Library/Mobile Documents/com~apple~CloudDocs/Documents/Code/datasets/edgar/edgar_bulk_downloads
2025-04-16 23:40:01,588 - INFO - Using DB_FILE: /Users/dougstrouth/Library/Mobile Documents/com~apple~CloudDocs/Documents/Code/datasets/edgar/edgar_metadata.duckdb
2025-04-16 23:40:01,588 - INFO - --- Starting EDGAR Archive Download and Cataloging ---
2025-04-16 23:40:01,588 - INFO - Starting file checks and downloads...
2025-04-16 23:40:01,588 - INFO - Local file exists: /Users/dougstrouth/Library/Mobile Documents/com~apple~CloudDocs/Documents/Code/datasets/edgar/edgar_bulk_downloads/submissions.zip
2025-04-16 23:40:01,589 - INFO - Local file last modified (UTC): 2025-04-17 04:29:59.893082+00:00, Size: 1446858337 bytes
2025-04-16 23:40:01,705 - INFO - Remote file last modified (UTC): 2025-04-17 04:28:39+00:00
2025-04-16 23:40:01,705 - INFO - Local file 'submissions.zip' is up-to-date or newer. Skipping download.
2025-04-16 23:40:02,206 - INFO - Local file exists: /Users/dougstrouth/Library/Mobile Documents/com~apple~CloudDocs/Documents/Code/datasets/edgar/edgar_bulk_downloads/companyfacts.zip
2025-04-16 23:40:02,206 - INFO - Local file last modified (UTC): 2025-04-17 04:30:36.444453+00:00, Size: 1282368284 bytes
2025-04-16 23:40:02,303 - INFO - Remote file last modified (UTC): 2025-04-17 04:21:38+00:00
2025-04-16 23:40:02,303 - INFO - Local file 'companyfacts.zip' is up-to-date or newer. Skipping download.
2025-04-16 23:40:02,809 - INFO - Local file exists: /Users/dougstrouth/Library/Mobile Documents/com~apple~CloudDocs/Documents/Code/datasets/edgar/edgar_bulk_downloads/company_tickers.json
2025-04-16 23:40:02,809 - INFO - Local file last modified (UTC): 2025-04-17 04:30:37.185125+00:00, Size: 739418 bytes
2025-04-16 23:40:02,979 - INFO - Remote file last modified (UTC): 2025-04-07 18:24:33+00:00
2025-04-16 23:40:02,979 - INFO - Local file 'company_tickers.json' is up-to-date or newer. Skipping download.
2025-04-16 23:40:03,483 - INFO - Finished download checks. 3 files cataloged for DB update.
2025-04-16 23:40:03,483 - INFO - Connecting to DuckDB database: /Users/dougstrouth/Library/Mobile Documents/com~apple~CloudDocs/Documents/Code/datasets/edgar/edgar_metadata.duckdb
2025-04-16 23:40:03,558 - INFO - Setting up database table 'downloaded_archives' in /Users/dougstrouth/Library/Mobile Documents/com~apple~CloudDocs/Documents/Code/datasets/edgar/edgar_metadata.duckdb
2025-04-16 23:40:03,563 - INFO - Table 'downloaded_archives' created or already exists.
2025-04-16 23:40:03,564 - INFO - Attempting to insert/update 3 records into 'downloaded_archives' table.
2025-04-16 23:40:05,054 - INFO - Successfully inserted/updated 3 archive records.
2025-04-16 23:40:05,070 - INFO - Database connection closed.
2025-04-16 23:40:05,071 - INFO - --- Script Finished in 3.48 seconds ---
2025-04-16 23:43:16,848 - INFO - Current working directory: /Users/dougstrouth/Library/Mobile Documents/com~apple~CloudDocs/Documents/Code/APIs/edgar
2025-04-16 23:43:16,849 - INFO - Script directory: /Users/dougstrouth/Library/Mobile Documents/com~apple~CloudDocs/Documents/Code/APIs/edgar
2025-04-16 23:43:16,849 - INFO - Using DOWNLOAD_DIR: /Users/dougstrouth/Documents/datasets/edgar/edgar_bulk_downloads
2025-04-16 23:43:16,849 - INFO - Using DB_FILE: /Users/dougstrouth/Documents/datasets/edgar/edgar_metadata.duckdb
2025-04-16 23:43:16,849 - INFO - --- Starting EDGAR Archive Download and Cataloging ---
2025-04-16 23:43:16,850 - INFO - Starting file checks and downloads...
2025-04-16 23:43:16,850 - INFO - Local file not found: /Users/dougstrouth/Documents/datasets/edgar/edgar_bulk_downloads/submissions.zip. Proceeding with download.
2025-04-16 23:43:16,850 - INFO - Attempting to download https://www.sec.gov/Archives/edgar/daily-index/bulkdata/submissions.zip to /Users/dougstrouth/Documents/datasets/edgar/edgar_bulk_downloads/submissions.zip
2025-04-16 23:43:40,248 - INFO - Successfully downloaded submissions.zip (1379.83 MB)
2025-04-16 23:43:40,755 - INFO - Local file not found: /Users/dougstrouth/Documents/datasets/edgar/edgar_bulk_downloads/companyfacts.zip. Proceeding with download.
2025-04-16 23:43:40,756 - INFO - Attempting to download https://www.sec.gov/Archives/edgar/daily-index/xbrl/companyfacts.zip to /Users/dougstrouth/Documents/datasets/edgar/edgar_bulk_downloads/companyfacts.zip
2025-04-16 23:44:02,045 - INFO - Successfully downloaded companyfacts.zip (1222.96 MB)
2025-04-16 23:44:02,554 - INFO - Local file not found: /Users/dougstrouth/Documents/datasets/edgar/edgar_bulk_downloads/company_tickers.json. Proceeding with download.
2025-04-16 23:44:02,554 - INFO - Attempting to download https://www.sec.gov/files/company_tickers.json to /Users/dougstrouth/Documents/datasets/edgar/edgar_bulk_downloads/company_tickers.json
2025-04-16 23:44:02,824 - WARNING - Download size mismatch for company_tickers.json. Expected 205505, got 739418
2025-04-16 23:44:02,824 - INFO - Successfully downloaded company_tickers.json (0.71 MB)
2025-04-16 23:44:03,330 - INFO - Finished download checks. 3 files cataloged for DB update.
2025-04-16 23:44:03,331 - INFO - Connecting to DuckDB database: /Users/dougstrouth/Documents/datasets/edgar/edgar_metadata.duckdb
2025-04-16 23:44:03,408 - INFO - Setting up database table 'downloaded_archives' in /Users/dougstrouth/Documents/datasets/edgar/edgar_metadata.duckdb
2025-04-16 23:44:03,419 - INFO - Table 'downloaded_archives' created or already exists.
2025-04-16 23:44:03,419 - INFO - Attempting to insert/update 3 records into 'downloaded_archives' table.
2025-04-16 23:44:04,126 - INFO - Successfully inserted/updated 3 archive records.
2025-04-16 23:44:04,133 - INFO - Database connection closed.
2025-04-16 23:44:04,133 - INFO - --- Script Finished in 47.28 seconds ---
